  Draw.cpp
c:\users\a05\documents\카카오톡 받은 파일\consoleapplication1\consoleapplication1\draw.h(15): warning C4838: 'int'에서 'SHORT'(으)로의 변환에는 축소 변환이 필요합니다.
c:\users\a05\documents\카카오톡 받은 파일\consoleapplication1\consoleapplication1\draw.cpp(10): warning C4018: '>': signed 또는 unsigned가 일치하지 않습니다.
  FlagManager.cpp
c:\users\a05\documents\카카오톡 받은 파일\consoleapplication1\consoleapplication1\draw.h(15): warning C4838: 'int'에서 'SHORT'(으)로의 변환에는 축소 변환이 필요합니다.
  GameManager.cpp
c:\users\a05\documents\카카오톡 받은 파일\consoleapplication1\consoleapplication1\draw.h(15): warning C4838: 'int'에서 'SHORT'(으)로의 변환에는 축소 변환이 필요합니다.
c:\users\a05\documents\카카오톡 받은 파일\consoleapplication1\consoleapplication1\gamemanager.cpp(39): warning C4996: 'sprintf': This function or variable may be unsafe. Consider using sprintf_s instead. To disable deprecation, use _CRT_SECURE_NO_WARNINGS. See online help for details.
  c:\program files (x86)\windows kits\10\include\10.0.17763.0\ucrt\stdio.h(1774): note: 'sprintf' 선언을 참조하십시오.
c:\users\a05\documents\카카오톡 받은 파일\consoleapplication1\consoleapplication1\gamemanager.cpp(81): warning C4244: '인수': 'float'에서 'int'(으)로 변환하면서 데이터가 손실될 수 있습니다.
c:\users\a05\documents\카카오톡 받은 파일\consoleapplication1\consoleapplication1\gamemanager.cpp(82): warning C4244: '인수': 'float'에서 'int'(으)로 변환하면서 데이터가 손실될 수 있습니다.
c:\users\a05\documents\카카오톡 받은 파일\consoleapplication1\consoleapplication1\gamemanager.cpp(83): warning C4244: '인수': 'float'에서 'int'(으)로 변환하면서 데이터가 손실될 수 있습니다.
c:\users\a05\documents\카카오톡 받은 파일\consoleapplication1\consoleapplication1\gamemanager.cpp(55): warning C4996: 'getch': The POSIX name for this item is deprecated. Instead, use the ISO C and C++ conformant name: _getch. See online help for details.
  c:\program files (x86)\windows kits\10\include\10.0.17763.0\ucrt\conio.h(453): note: 'getch' 선언을 참조하십시오.
c:\users\a05\documents\카카오톡 받은 파일\consoleapplication1\consoleapplication1\gamemanager.cpp(103): warning C4996: 'getch': The POSIX name for this item is deprecated. Instead, use the ISO C and C++ conformant name: _getch. See online help for details.
  c:\program files (x86)\windows kits\10\include\10.0.17763.0\ucrt\conio.h(453): note: 'getch' 선언을 참조하십시오.
c:\users\a05\documents\카카오톡 받은 파일\consoleapplication1\consoleapplication1\gamemanager.cpp(116): warning C4244: '인수': 'float'에서 'int'(으)로 변환하면서 데이터가 손실될 수 있습니다.
c:\users\a05\documents\카카오톡 받은 파일\consoleapplication1\consoleapplication1\gamemanager.cpp(118): warning C4996: 'getch': The POSIX name for this item is deprecated. Instead, use the ISO C and C++ conformant name: _getch. See online help for details.
  c:\program files (x86)\windows kits\10\include\10.0.17763.0\ucrt\conio.h(453): note: 'getch' 선언을 참조하십시오.
c:\users\a05\documents\카카오톡 받은 파일\consoleapplication1\consoleapplication1\gamemanager.cpp(136): warning C4244: '인수': 'float'에서 'int'(으)로 변환하면서 데이터가 손실될 수 있습니다.
c:\users\a05\documents\카카오톡 받은 파일\consoleapplication1\consoleapplication1\gamemanager.cpp(137): warning C4244: '인수': 'float'에서 'int'(으)로 변환하면서 데이터가 손실될 수 있습니다.
c:\users\a05\documents\카카오톡 받은 파일\consoleapplication1\consoleapplication1\gamemanager.cpp(138): warning C4244: '인수': 'float'에서 'int'(으)로 변환하면서 데이터가 손실될 수 있습니다.
c:\users\a05\documents\카카오톡 받은 파일\consoleapplication1\consoleapplication1\gamemanager.cpp(139): warning C4244: '인수': 'float'에서 'int'(으)로 변환하면서 데이터가 손실될 수 있습니다.
  Mine.cpp
c:\users\a05\documents\카카오톡 받은 파일\consoleapplication1\consoleapplication1\draw.h(15): warning C4838: 'int'에서 'SHORT'(으)로의 변환에는 축소 변환이 필요합니다.
  MineManager.cpp
c:\users\a05\documents\카카오톡 받은 파일\consoleapplication1\consoleapplication1\draw.h(15): warning C4838: 'int'에서 'SHORT'(으)로의 변환에는 축소 변환이 필요합니다.
c:\users\a05\documents\카카오톡 받은 파일\consoleapplication1\consoleapplication1\minemanager.cpp(62): warning C4101: 'iStack' :참조되지 않은 지역 변수입니다.
  소스.cpp
c:\users\a05\documents\카카오톡 받은 파일\consoleapplication1\consoleapplication1\draw.h(15): warning C4838: 'int'에서 'SHORT'(으)로의 변환에는 축소 변환이 필요합니다.
c:\users\a05\documents\카카오톡 받은 파일\consoleapplication1\consoleapplication1\소스.cpp(9): warning C4244: '인수': 'time_t'에서 'unsigned int'(으)로 변환하면서 데이터가 손실될 수 있습니다.
  코드를 생성하고 있습니다...
  ConsoleApplication1.vcxproj -> C:\Users\A05\Documents\카카오톡 받은 파일\ConsoleApplication1\Debug\ConsoleApplication1.exe
